{"ts":1750681851719,"action":"PROJECT_OPENED","tags":{"PROJECT_NAME":"Parsing"}}
{"ts":1750681853352,"action":"IDE_ACTIVATED"}
{"ts":1750681856092,"action":"FILE_OPENED","file":"/src/main/java/com/yourcompany/game/Main.java","tags":{"FILE_LINE_OF_CODE":"7"}}
{"ts":1750681857066,"action":"IDE_DEACTIVATED"}
{"ts":1750681857371,"action":"FILE_CLOSED","file":"/src/main/java/com/yourcompany/game/Main.java","tags":{"FILE_LINE_OF_CODE":"7"}}
{"ts":1750681858080,"action":"FILE_OPENED","file":"/pom.xml","tags":{"FILE_LINE_OF_CODE":"17"}}
{"ts":1750681977447,"action":"IDE_ACTIVATED"}
{"ts":1750681983915,"action":"IDE_DEACTIVATED"}
{"ts":1750681992010,"action":"IDE_ACTIVATED"}
{"ts":1750682003295,"action":"FILE_CLOSED","file":"/pom.xml","tags":{"FILE_LINE_OF_CODE":"32"}}
{"ts":1750682003295,"action":"FILE_OPENED","file":"/src/main/java/com/yourcompany/game/Main.java","tags":{"FILE_LINE_OF_CODE":"7"}}
{"ts":1750682003893,"action":"IDE_DEACTIVATED"}
{"ts":1750682010164,"action":"IDE_ACTIVATED"}
{"ts":1750682039560,"action":"IDE_DEACTIVATED"}
{"ts":1750682040297,"action":"IDE_ACTIVATED"}
{"ts":1750682040600,"action":"IDE_DEACTIVATED"}
{"ts":1750682043382,"action":"IDE_ACTIVATED"}
{"ts":1750682053078,"action":"IDE_DEACTIVATED"}
{"ts":1750682055937,"action":"IDE_ACTIVATED"}
{"ts":1750682112123,"action":"IDE_DEACTIVATED"}
{"ts":1750682112644,"action":"IDE_ACTIVATED"}
{"ts":1750682129218,"action":"IDE_DEACTIVATED"}
{"ts":1750682157905,"action":"IDE_ACTIVATED"}
{"ts":1750682171748,"action":"IDE_DEACTIVATED"}
{"ts":1750682172471,"action":"IDE_ACTIVATED"}
{"ts":1750682204678,"action":"IDE_DEACTIVATED"}
{"ts":1750682207595,"action":"IDE_ACTIVATED"}
{"ts":1750682249302,"action":"IDE_DEACTIVATED"}
{"ts":1750682257617,"action":"IDE_ACTIVATED"}
{"ts":1750682258497,"action":"IDE_DEACTIVATED"}
{"ts":1750682260362,"action":"IDE_ACTIVATED"}
{"ts":1750682260475,"action":"IDE_DEACTIVATED"}
{"ts":1750682275055,"action":"IDE_ACTIVATED"}
{"ts":1750682280297,"action":"IDE_DEACTIVATED"}
{"ts":1750682328613,"action":"IDE_ACTIVATED"}
{"ts":1750682334950,"action":"IDE_DEACTIVATED"}
{"ts":1750682349164,"action":"IDE_ACTIVATED"}
{"ts":1750682350047,"action":"IDE_DEACTIVATED"}
{"ts":1750682382505,"action":"IDE_ACTIVATED"}
{"ts":1750682388935,"action":"IDE_DEACTIVATED"}
{"ts":1750682391417,"action":"IDE_ACTIVATED"}
{"ts":1750682392115,"action":"IDE_DEACTIVATED"}
{"ts":1750682419983,"action":"IDE_ACTIVATED"}
{"ts":1750682436173,"action":"IDE_DEACTIVATED"}
{"ts":1750682438518,"action":"IDE_ACTIVATED"}
{"ts":1750682439220,"action":"IDE_DEACTIVATED"}
{"ts":1750682440256,"action":"IDE_ACTIVATED"}
{"ts":1750682440600,"action":"IDE_DEACTIVATED"}
{"ts":1750682445750,"action":"IDE_ACTIVATED"}
{"ts":1750682514886,"action":"IDE_DEACTIVATED"}
{"ts":1750682515584,"action":"IDE_ACTIVATED"}
{"ts":1750682515961,"action":"IDE_DEACTIVATED"}
{"ts":1750682517069,"action":"IDE_ACTIVATED"}
{"ts":1750682525907,"action":"IDE_DEACTIVATED"}
{"ts":1750682559626,"action":"IDE_ACTIVATED"}
{"ts":1750682564680,"action":"IDE_DEACTIVATED"}
{"ts":1750682819479,"action":"IDE_ACTIVATED"}
{"ts":1750682820739,"action":"IDE_DEACTIVATED"}
{"ts":1750682830141,"action":"IDE_ACTIVATED"}
{"ts":1750682830691,"action":"IDE_DEACTIVATED"}
{"ts":1750684368499,"action":"IDE_ACTIVATED"}
{"ts":1750684370230,"action":"IDE_DEACTIVATED"}
{"ts":1750684402110,"action":"IDE_ACTIVATED"}
{"ts":1750684404102,"action":"IDE_DEACTIVATED"}
{"ts":1750684416572,"action":"IDE_ACTIVATED"}
{"ts":1750684419922,"action":"IDE_DEACTIVATED"}
{"ts":1750684475187,"action":"IDE_ACTIVATED"}
{"ts":1750684476872,"action":"IDE_DEACTIVATED"}
{"ts":1750686679015,"action":"IDE_ACTIVATED"}
{"ts":1750686679366,"action":"IDE_DEACTIVATED"}
{"ts":1750686840381,"action":"IDE_ACTIVATED"}
{"ts":1750686841397,"action":"IDE_DEACTIVATED"}
{"ts":1750686842319,"action":"IDE_ACTIVATED"}
{"ts":1750686845282,"action":"IDE_DEACTIVATED"}
{"ts":1750686846102,"action":"IDE_ACTIVATED"}
{"ts":1750686849127,"action":"FILE_CLOSED","file":"/src/main/java/com/yourcompany/game/Main.java","tags":{"FILE_LINE_OF_CODE":"131"}}
{"ts":1750686849380,"action":"FILE_OPENED","file":"/src/main/java/com/yourcompany/game/SyntaxAnalyzerStrategy.java","tags":{"FILE_LINE_OF_CODE":"5"}}
{"ts":1750686859400,"action":"IDE_DEACTIVATED"}
{"ts":1750686863904,"action":"IDE_ACTIVATED"}
{"ts":1750686867859,"action":"IDE_DEACTIVATED"}
{"ts":1750686868838,"action":"IDE_ACTIVATED"}
{"ts":1750686870400,"action":"FILE_CLOSED","file":"/src/main/java/com/yourcompany/game/SyntaxAnalyzerStrategy.java","tags":{"FILE_LINE_OF_CODE":"33"}}
{"ts":1750686870663,"action":"FILE_OPENED","file":"/src/main/java/com/yourcompany/game/SwitchExpressionAnalyzer.java","tags":{"FILE_LINE_OF_CODE":"5"}}
{"ts":1750686887464,"action":"IDE_DEACTIVATED"}
{"ts":1750686888238,"action":"IDE_ACTIVATED"}
{"ts":1750686890675,"action":"FILE_CLOSED","file":"/src/main/java/com/yourcompany/game/SwitchExpressionAnalyzer.java","tags":{"FILE_LINE_OF_CODE":"45"}}
{"ts":1750686890675,"action":"FILE_OPENED","file":"/src/main/java/com/yourcompany/game/SyntaxAnalyzerStrategy.java","tags":{"FILE_LINE_OF_CODE":"33"}}
{"ts":1750686899628,"action":"IDE_DEACTIVATED"}
{"ts":1750686902776,"action":"IDE_ACTIVATED"}
{"ts":1750686907659,"action":"FILE_CLOSED","file":"/src/main/java/com/yourcompany/game/SyntaxAnalyzerStrategy.java","tags":{"FILE_LINE_OF_CODE":"34"}}
{"ts":1750686907792,"action":"FILE_OPENED","file":"/src/main/java/com/yourcompany/game/TextBlockAnalyzer.java","tags":{"FILE_LINE_OF_CODE":"5"}}
{"ts":1750686919545,"action":"IDE_DEACTIVATED"}
{"ts":1750686923581,"action":"IDE_ACTIVATED"}
{"ts":1750686927646,"action":"FILE_CLOSED","file":"/src/main/java/com/yourcompany/game/TextBlockAnalyzer.java","tags":{"FILE_LINE_OF_CODE":"46"}}
{"ts":1750686927765,"action":"FILE_OPENED","file":"/src/main/java/com/yourcompany/game/RepositoryAnalyzer.java","tags":{"FILE_LINE_OF_CODE":"5"}}
{"ts":1750686938000,"action":"IDE_DEACTIVATED"}
{"ts":1750686941181,"action":"IDE_ACTIVATED"}
{"ts":1750686942260,"action":"IDE_DEACTIVATED"}
{"ts":1750686944909,"action":"IDE_ACTIVATED"}
{"ts":1750686948862,"action":"FILE_CLOSED","file":"/src/main/java/com/yourcompany/game/RepositoryAnalyzer.java","tags":{"FILE_LINE_OF_CODE":"83"}}
{"ts":1750686948998,"action":"FILE_OPENED","file":"/src/main/java/com/yourcompany/game/App.java","tags":{"FILE_LINE_OF_CODE":"5"}}
{"ts":1750686951417,"action":"IDE_DEACTIVATED"}
{"ts":1750686996216,"action":"IDE_ACTIVATED"}
{"ts":1750687000103,"action":"IDE_DEACTIVATED"}
{"ts":1750687001714,"action":"IDE_ACTIVATED"}
{"ts":1750687003869,"action":"FILE_CLOSED","file":"/src/main/java/com/yourcompany/game/App.java","tags":{"FILE_LINE_OF_CODE":"48"}}
{"ts":1750687003999,"action":"FILE_OPENED","file":"/src/main/java/com/yourcompany/game/SealedClassAnalyzer.java","tags":{"FILE_LINE_OF_CODE":"5"}}
{"ts":1750687018086,"action":"IDE_DEACTIVATED"}
{"ts":1750687018684,"action":"IDE_ACTIVATED"}
{"ts":1750687025209,"action":"IDE_DEACTIVATED"}
{"ts":1750687030205,"action":"IDE_ACTIVATED"}
{"ts":1750687031307,"action":"IDE_DEACTIVATED"}
{"ts":1750687032536,"action":"IDE_ACTIVATED"}
{"ts":1750687035339,"action":"IDE_DEACTIVATED"}
{"ts":1750687036177,"action":"IDE_ACTIVATED"}
{"ts":1750687038271,"action":"FILE_CLOSED","file":"/src/main/java/com/yourcompany/game/SealedClassAnalyzer.java","tags":{"FILE_LINE_OF_CODE":"56"}}
{"ts":1750687038417,"action":"FILE_OPENED","file":"/src/main/java/com/yourcompany/game/PatternMatchingSwitchAnalyzer.java","tags":{"FILE_LINE_OF_CODE":"5"}}
{"ts":1750687039680,"action":"IDE_DEACTIVATED"}
{"ts":1750687042043,"action":"IDE_ACTIVATED"}
{"ts":1750687064123,"action":"IDE_DEACTIVATED"}
{"ts":1750687064852,"action":"IDE_ACTIVATED"}
{"ts":1750687066378,"action":"FILE_CLOSED","file":"/src/main/java/com/yourcompany/game/PatternMatchingSwitchAnalyzer.java","tags":{"FILE_LINE_OF_CODE":"78"}}
{"ts":1750687066378,"action":"FILE_OPENED","file":"/src/main/java/com/yourcompany/game/Main.java","tags":{"FILE_LINE_OF_CODE":"131"}}
{"ts":1750687066796,"action":"FILE_CLOSED","file":"/src/main/java/com/yourcompany/game/Main.java","tags":{"FILE_LINE_OF_CODE":"131"}}
{"ts":1750687066796,"action":"FILE_OPENED","file":"/src/main/java/com/yourcompany/game/PatternMatchingSwitchAnalyzer.java","tags":{"FILE_LINE_OF_CODE":"78"}}
{"ts":1750687067524,"action":"FILE_CLOSED","file":"/src/main/java/com/yourcompany/game/PatternMatchingSwitchAnalyzer.java","tags":{"FILE_LINE_OF_CODE":"78"}}
{"ts":1750687067524,"action":"FILE_OPENED","file":"/src/main/java/com/yourcompany/game/SealedClassAnalyzer.java","tags":{"FILE_LINE_OF_CODE":"56"}}
{"ts":1750687068395,"action":"FILE_CLOSED","file":"/src/main/java/com/yourcompany/game/SealedClassAnalyzer.java","tags":{"FILE_LINE_OF_CODE":"56"}}
{"ts":1750687068395,"action":"FILE_OPENED","file":"/src/main/java/com/yourcompany/game/RepositoryAnalyzer.java","tags":{"FILE_LINE_OF_CODE":"83"}}
{"ts":1750687071188,"action":"FILE_CLOSED","file":"/src/main/java/com/yourcompany/game/RepositoryAnalyzer.java","tags":{"FILE_LINE_OF_CODE":"83"}}
{"ts":1750687071188,"action":"FILE_OPENED","file":"/src/main/java/com/yourcompany/game/SwitchExpressionAnalyzer.java","tags":{"FILE_LINE_OF_CODE":"45"}}
{"ts":1750687072944,"action":"FILE_CLOSED","file":"/src/main/java/com/yourcompany/game/SwitchExpressionAnalyzer.java","tags":{"FILE_LINE_OF_CODE":"45"}}
{"ts":1750687072944,"action":"FILE_OPENED","file":"/src/main/java/com/yourcompany/game/TextBlockAnalyzer.java","tags":{"FILE_LINE_OF_CODE":"46"}}
{"ts":1750687093220,"action":"IDE_DEACTIVATED"}
{"ts":1750687093639,"action":"IDE_ACTIVATED"}
{"ts":1750687098425,"action":"FILE_CLOSED","file":"/src/main/java/com/yourcompany/game/TextBlockAnalyzer.java","tags":{"FILE_LINE_OF_CODE":"46"}}
{"ts":1750687098425,"action":"FILE_OPENED","file":"/src/main/java/com/yourcompany/game/App.java","tags":{"FILE_LINE_OF_CODE":"48"}}
{"ts":1750687114629,"action":"FILE_CLOSED","file":"/src/main/java/com/yourcompany/game/App.java","tags":{"FILE_LINE_OF_CODE":"45"}}
{"ts":1750687114629,"action":"FILE_OPENED","file":"/src/main/java/com/yourcompany/game/PatternMatchingSwitchAnalyzer.java","tags":{"FILE_LINE_OF_CODE":"78"}}
{"ts":1750687116206,"action":"IDE_DEACTIVATED"}
{"ts":1750687126037,"action":"IDE_ACTIVATED"}
{"ts":1750687126621,"action":"IDE_DEACTIVATED"}
{"ts":1750687129807,"action":"IDE_ACTIVATED"}
{"ts":1750687135610,"action":"IDE_DEACTIVATED"}
{"ts":1750687151153,"action":"IDE_ACTIVATED"}
{"ts":1750687196502,"action":"IDE_DEACTIVATED"}
{"ts":1750687468831,"action":"IDE_ACTIVATED"}
{"ts":1750687474370,"action":"FILE_CLOSED","file":"/src/main/java/com/yourcompany/game/PatternMatchingSwitchAnalyzer.java","tags":{"FILE_LINE_OF_CODE":"79"}}
{"ts":1750687474370,"action":"FILE_OPENED","file":"/src/main/java/com/yourcompany/game/SealedClassAnalyzer.java","tags":{"FILE_LINE_OF_CODE":"56"}}
{"ts":1750687477539,"action":"FILE_CLOSED","file":"/src/main/java/com/yourcompany/game/SealedClassAnalyzer.java","tags":{"FILE_LINE_OF_CODE":"56"}}
{"ts":1750687477571,"action":"FILE_OPENED","file":"/src/main/java/com/yourcompany/game/PatternMatchingSwitchAnalyzer.java","tags":{"FILE_LINE_OF_CODE":"79"}}
{"ts":1750687482196,"action":"FILE_CLOSED","file":"/src/main/java/com/yourcompany/game/PatternMatchingSwitchAnalyzer.java","tags":{"FILE_LINE_OF_CODE":"79"}}
{"ts":1750687496888,"action":"FILE_OPENED","file":"/src/main/java/com/yourcompany/game/SealedClassAnalyzer.java","tags":{"FILE_LINE_OF_CODE":"56"}}
{"ts":1750687504589,"action":"IDE_DEACTIVATED"}
{"ts":1750688830051,"action":"IDE_ACTIVATED"}
{"ts":1750688832728,"action":"IDE_DEACTIVATED"}
{"ts":1750690596082,"action":"IDE_ACTIVATED"}
{"ts":1750690597897,"action":"IDE_DEACTIVATED"}
{"ts":1750692867114,"action":"IDE_ACTIVATED"}
{"ts":1750692868292,"action":"IDE_DEACTIVATED"}
{"ts":1750692870082,"action":"IDE_ACTIVATED"}
{"ts":1750692886264,"action":"FILE_CLOSED","file":"/src/main/java/com/yourcompany/game/SealedClassAnalyzer.java","tags":{"FILE_LINE_OF_CODE":"56"}}
{"ts":1750692900042,"action":"FILE_OPENED","file":"/src/main/java/com/yourcompany/game/SealedClassAnalyzer.java","tags":{"FILE_LINE_OF_CODE":"56"}}
{"ts":1750692907925,"action":"FILE_CLOSED","file":"/src/main/java/com/yourcompany/game/SealedClassAnalyzer.java","tags":{"FILE_LINE_OF_CODE":"56"}}
{"ts":1750692907925,"action":"FILE_OPENED","file":"/src/main/java/com/yourcompany/game/RepositoryAnalyzer.java","tags":{"FILE_LINE_OF_CODE":"83"}}
{"ts":1750692908362,"action":"FILE_CLOSED","file":"/src/main/java/com/yourcompany/game/RepositoryAnalyzer.java","tags":{"FILE_LINE_OF_CODE":"83"}}
{"ts":1750692908396,"action":"FILE_OPENED","file":"/src/main/java/com/yourcompany/game/PatternMatchingSwitchAnalyzer.java","tags":{"FILE_LINE_OF_CODE":"79"}}
{"ts":1750692916477,"action":"FILE_CLOSED","file":"/src/main/java/com/yourcompany/game/PatternMatchingSwitchAnalyzer.java","tags":{"FILE_LINE_OF_CODE":"81"}}
{"ts":1750692916477,"action":"FILE_OPENED","file":"/src/main/java/com/yourcompany/game/App.java","tags":{"FILE_LINE_OF_CODE":"45"}}
{"ts":1750692920202,"action":"IDE_DEACTIVATED"}
{"ts":1750692926079,"action":"IDE_ACTIVATED"}
{"ts":1750693037935,"action":"IDE_DEACTIVATED"}
{"ts":1750693038351,"action":"IDE_ACTIVATED"}
{"ts":1750693039676,"action":"FILE_CLOSED","file":"/src/main/java/com/yourcompany/game/App.java","tags":{"FILE_LINE_OF_CODE":"45"}}
{"ts":1750693039676,"action":"FILE_OPENED","file":"/src/main/java/com/yourcompany/game/PatternMatchingSwitchAnalyzer.java","tags":{"FILE_LINE_OF_CODE":"81"}}
{"ts":1750693049330,"action":"IDE_DEACTIVATED"}
{"ts":1750693190637,"action":"IDE_ACTIVATED"}
{"ts":1750693191589,"action":"IDE_DEACTIVATED"}
{"ts":1750693256144,"action":"IDE_ACTIVATED"}
{"ts":1750693263237,"action":"IDE_DEACTIVATED"}
{"ts":1750693591942,"action":"IDE_ACTIVATED"}
{"ts":1750693605383,"action":"FILE_CLOSED","file":"/src/main/java/com/yourcompany/game/PatternMatchingSwitchAnalyzer.java","tags":{"FILE_LINE_OF_CODE":"81"}}
{"ts":1750693609749,"action":"FILE_OPENED","file":"/src/main/java/com/yourcompany/game/PatternMatchingSwitchAnalyzer.java","tags":{"FILE_LINE_OF_CODE":"81"}}
{"ts":1750693623111,"action":"IDE_DEACTIVATED"}
{"ts":1750694400779,"action":"IDE_ACTIVATED"}
{"ts":1750694401337,"action":"IDE_DEACTIVATED"}
{"ts":1750694585697,"action":"IDE_ACTIVATED"}
{"ts":1750694586158,"action":"IDE_DEACTIVATED"}
{"ts":1750694677145,"action":"IDE_ACTIVATED"}
{"ts":1750694697823,"action":"IDE_DEACTIVATED"}
{"ts":1750694914382,"action":"IDE_ACTIVATED"}
{"ts":1750694915432,"action":"IDE_DEACTIVATED"}
{"ts":1750695514600,"action":"IDE_ACTIVATED"}
{"ts":1750695526628,"action":"PROJECT_CLOSED","tags":{"PROJECT_NAME":"Parsing"}}
{"ts":1750777195864,"action":"FILE_OPENED","file":"/src/main/java/com/yourcompany/game/PatternMatchingSwitchAnalyzer.java","tags":{"FILE_LINE_OF_CODE":"81"}}
{"ts":1750777198550,"action":"PROJECT_OPENED","tags":{"PROJECT_NAME":"Parsing"}}
{"ts":1750777238885,"action":"IDE_DEACTIVATED"}
{"ts":1750777245894,"action":"IDE_ACTIVATED"}
{"ts":1750777249228,"action":"IDE_DEACTIVATED"}
{"ts":1750777262726,"action":"IDE_ACTIVATED"}
{"ts":1750777278868,"action":"IDE_DEACTIVATED"}
{"ts":1750777299308,"action":"IDE_ACTIVATED"}
{"ts":1750777299875,"action":"IDE_DEACTIVATED"}
{"ts":1750777330518,"action":"IDE_ACTIVATED"}
{"ts":1750777331014,"action":"IDE_DEACTIVATED"}
{"ts":1750777331899,"action":"IDE_ACTIVATED"}
{"ts":1750777332286,"action":"IDE_DEACTIVATED"}
{"ts":1750777332572,"action":"IDE_ACTIVATED"}
{"ts":1750777340974,"action":"FILE_CLOSED","file":"/src/main/java/com/yourcompany/game/PatternMatchingSwitchAnalyzer.java","tags":{"FILE_LINE_OF_CODE":"81"}}
{"ts":1750777340974,"action":"FILE_OPENED","file":"/pom.xml","tags":{"FILE_LINE_OF_CODE":"32"}}
{"ts":1750777349716,"action":"IDE_DEACTIVATED"}
{"ts":1750777351689,"action":"IDE_ACTIVATED"}
{"ts":1750777352858,"action":"IDE_DEACTIVATED"}
{"ts":1750777373737,"action":"IDE_ACTIVATED"}
{"ts":1750777386992,"action":"FILE_CLOSED","file":"/pom.xml","tags":{"FILE_LINE_OF_CODE":"32"}}
{"ts":1750777386992,"action":"FILE_OPENED","file":"/src/main/java/com/yourcompany/game/Main.java","tags":{"FILE_LINE_OF_CODE":"127"}}
{"ts":1750777393764,"action":"IDE_DEACTIVATED"}
{"ts":1750777395101,"action":"IDE_ACTIVATED"}
{"ts":1750777401898,"action":"FILE_CLOSED","file":"/src/main/java/com/yourcompany/game/Main.java","tags":{"FILE_LINE_OF_CODE":"121"}}
{"ts":1750777401898,"action":"FILE_OPENED","file":"/src/main/java/com/yourcompany/game/App.java","tags":{"FILE_LINE_OF_CODE":"42"}}
{"ts":1750777404209,"action":"FILE_CLOSED","file":"/src/main/java/com/yourcompany/game/App.java","tags":{"FILE_LINE_OF_CODE":"42"}}
{"ts":1750777404209,"action":"FILE_OPENED","file":"/src/main/java/com/yourcompany/game/PatternMatchingSwitchAnalyzer.java","tags":{"FILE_LINE_OF_CODE":"81"}}
{"ts":1750777405233,"action":"FILE_CLOSED","file":"/src/main/java/com/yourcompany/game/PatternMatchingSwitchAnalyzer.java","tags":{"FILE_LINE_OF_CODE":"81"}}
{"ts":1750777405233,"action":"FILE_OPENED","file":"/src/main/java/com/yourcompany/game/App.java","tags":{"FILE_LINE_OF_CODE":"42"}}
{"ts":1750777407644,"action":"FILE_CLOSED","file":"/src/main/java/com/yourcompany/game/App.java","tags":{"FILE_LINE_OF_CODE":"42"}}
{"ts":1750777407644,"action":"FILE_OPENED","file":"/src/main/java/com/yourcompany/game/PatternMatchingSwitchAnalyzer.java","tags":{"FILE_LINE_OF_CODE":"81"}}
{"ts":1750777414860,"action":"FILE_CLOSED","file":"/src/main/java/com/yourcompany/game/PatternMatchingSwitchAnalyzer.java","tags":{"FILE_LINE_OF_CODE":"73"}}
{"ts":1750777414860,"action":"FILE_OPENED","file":"/src/main/java/com/yourcompany/game/SwitchExpressionAnalyzer.java","tags":{"FILE_LINE_OF_CODE":"45"}}
{"ts":1750777416117,"action":"FILE_CLOSED","file":"/src/main/java/com/yourcompany/game/SwitchExpressionAnalyzer.java","tags":{"FILE_LINE_OF_CODE":"45"}}
{"ts":1750777416117,"action":"FILE_OPENED","file":"/src/main/java/com/yourcompany/game/TextBlockAnalyzer.java","tags":{"FILE_LINE_OF_CODE":"46"}}
{"ts":1750777417452,"action":"FILE_CLOSED","file":"/src/main/java/com/yourcompany/game/TextBlockAnalyzer.java","tags":{"FILE_LINE_OF_CODE":"46"}}
{"ts":1750777417452,"action":"FILE_OPENED","file":"/src/main/java/com/yourcompany/game/SyntaxAnalyzerStrategy.java","tags":{"FILE_LINE_OF_CODE":"34"}}
{"ts":1750777425523,"action":"FILE_CLOSED","file":"/src/main/java/com/yourcompany/game/SyntaxAnalyzerStrategy.java","tags":{"FILE_LINE_OF_CODE":"17"}}
{"ts":1750777425523,"action":"FILE_OPENED","file":"/src/main/java/com/yourcompany/game/TextBlockAnalyzer.java","tags":{"FILE_LINE_OF_CODE":"46"}}
{"ts":1750777427194,"action":"FILE_CLOSED","file":"/src/main/java/com/yourcompany/game/TextBlockAnalyzer.java","tags":{"FILE_LINE_OF_CODE":"46"}}
{"ts":1750777427194,"action":"FILE_OPENED","file":"/src/main/java/com/yourcompany/game/SyntaxAnalyzerStrategy.java","tags":{"FILE_LINE_OF_CODE":"17"}}
{"ts":1750777427550,"action":"FILE_CLOSED","file":"/src/main/java/com/yourcompany/game/SyntaxAnalyzerStrategy.java","tags":{"FILE_LINE_OF_CODE":"17"}}
{"ts":1750777427550,"action":"FILE_OPENED","file":"/src/main/java/com/yourcompany/game/SwitchExpressionAnalyzer.java","tags":{"FILE_LINE_OF_CODE":"45"}}
{"ts":1750777429064,"action":"FILE_CLOSED","file":"/src/main/java/com/yourcompany/game/SwitchExpressionAnalyzer.java","tags":{"FILE_LINE_OF_CODE":"45"}}
{"ts":1750777429064,"action":"FILE_OPENED","file":"/src/main/java/com/yourcompany/game/RepositoryAnalyzer.java","tags":{"FILE_LINE_OF_CODE":"81"}}
{"ts":1750777429505,"action":"FILE_CLOSED","file":"/src/main/java/com/yourcompany/game/RepositoryAnalyzer.java","tags":{"FILE_LINE_OF_CODE":"81"}}
{"ts":1750777429505,"action":"FILE_OPENED","file":"/src/main/java/com/yourcompany/game/SealedClassAnalyzer.java","tags":{"FILE_LINE_OF_CODE":"56"}}
{"ts":1750777432122,"action":"FILE_CLOSED","file":"/src/main/java/com/yourcompany/game/SealedClassAnalyzer.java","tags":{"FILE_LINE_OF_CODE":"56"}}
{"ts":1750777432122,"action":"FILE_OPENED","file":"/src/main/java/com/yourcompany/game/RepositoryAnalyzer.java","tags":{"FILE_LINE_OF_CODE":"81"}}
{"ts":1750777433941,"action":"FILE_CLOSED","file":"/src/main/java/com/yourcompany/game/RepositoryAnalyzer.java","tags":{"FILE_LINE_OF_CODE":"81"}}
{"ts":1750777433941,"action":"FILE_OPENED","file":"/src/main/java/com/yourcompany/game/PatternMatchingSwitchAnalyzer.java","tags":{"FILE_LINE_OF_CODE":"73"}}
{"ts":1750777435766,"action":"FILE_CLOSED","file":"/src/main/java/com/yourcompany/game/PatternMatchingSwitchAnalyzer.java","tags":{"FILE_LINE_OF_CODE":"73"}}
{"ts":1750777435766,"action":"FILE_OPENED","file":"/src/main/java/com/yourcompany/game/Main.java","tags":{"FILE_LINE_OF_CODE":"121"}}
{"ts":1750777438579,"action":"FILE_CLOSED","file":"/src/main/java/com/yourcompany/game/Main.java","tags":{"FILE_LINE_OF_CODE":"121"}}
{"ts":1750777438579,"action":"FILE_OPENED","file":"/src/main/java/com/yourcompany/game/App.java","tags":{"FILE_LINE_OF_CODE":"42"}}
{"ts":1750777452146,"action":"IDE_DEACTIVATED"}
{"ts":1750777458122,"action":"IDE_ACTIVATED"}
{"ts":1750777470966,"action":"FILE_CLOSED","file":"/src/main/java/com/yourcompany/game/App.java","tags":{"FILE_LINE_OF_CODE":"42"}}
{"ts":1750777470966,"action":"FILE_OPENED","file":"/pom.xml","tags":{"FILE_LINE_OF_CODE":"32"}}
{"ts":1750777483805,"action":"IDE_DEACTIVATED"}
{"ts":1750777504615,"action":"IDE_ACTIVATED"}
{"ts":1750777505052,"action":"IDE_DEACTIVATED"}
{"ts":1750777513415,"action":"IDE_ACTIVATED"}
{"ts":1750777514413,"action":"IDE_DEACTIVATED"}
{"ts":1750777514827,"action":"IDE_ACTIVATED"}
{"ts":1750777515264,"action":"IDE_DEACTIVATED"}
{"ts":1750777548227,"action":"IDE_ACTIVATED"}
